

Version:	3.50
CmdLine:	C:\Users\abner\git\Casa_Assombrada_JAVA\haunted_house\HAUNTED_HOUSE.exe --l4j-debug
JNI:		No
WOW64:		Yes
Working dir:	C:\Users\abner\git\Casa_Assombrada_JAVA\haunted_house\.
Requires JDK:	No
Requires 64-Bit: No
Java min ver:	
Java max ver:	
Substitute:	JAVA_HOME = 
Substitute:	PATH = C:\Program Files\Common Files\Oracle\Java\javapath;C:\Python312\Scripts\;C:\Python312\;C:\WINDOWS\system32;C:\WINDOWS;C:\WINDOWS\System32\Wbem;C:\WINDOWS\System32\WindowsPowerShell\v1.0\;C:\WINDOWS\System32\OpenSSH\;C:\Program Files\dotnet\;C:\Program Files\nodejs\;C:\ProgramData\chocolatey\bin;C:\Program Files (x86)\Yarn\bin\;C:\Program Files\Git\cmd;C:\Program Files\Java\jdk-22\bin;C:\Program Files\MySQL\MySQL Shell 8.0\bin\;C:\Users\abner\AppData\Local\Microsoft\WindowsApps;C:\Users\abner\AppData\Local\Programs\Microsoft VS Code\bin;C:\Users\abner\.dotnet\tools;C:\Users\abner\AppData\Roaming\npm;C:\Users\abner\AppData\Local\Yarn\bin;C:\Users\abner\AppData\Local\GitHubDesktop\bin;C:\Program Files\Java\jdk-22\bin
JRE paths:	;C:\Program Files\Common Files\Oracle\Java\javapath;C:\Python312\Scripts\;C:\Python312\;C:\WINDOWS\system32;C:\WINDOWS;C:\WINDOWS\System32\Wbem;C:\WINDOWS\System32\WindowsPowerShell\v1.0\;C:\WINDOWS\System32\OpenSSH\;C:\Program Files\dotnet\;C:\Program Files\nodejs\;C:\ProgramData\chocolatey\bin;C:\Program Files (x86)\Yarn\bin\;C:\Program Files\Git\cmd;C:\Program Files\Java\jdk-22\bin;C:\Program Files\MySQL\MySQL Shell 8.0\bin\;C:\Users\abner\AppData\Local\Microsoft\WindowsApps;C:\Users\abner\AppData\Local\Programs\Microsoft VS Code\bin;C:\Users\abner\.dotnet\tools;C:\Users\abner\AppData\Roaming\npm;C:\Users\abner\AppData\Local\Yarn\bin;C:\Users\abner\AppData\Local\GitHubDesktop\bin;C:\Program Files\Java\jdk-22\bin
Check launcher:	C:\Program Files\Common Files\Oracle\Java\javapath\bin\javaw.exe (not found)
Check launcher:	C:\Python312\Scripts\bin\javaw.exe (not found)
Check launcher:	C:\Python312\bin\javaw.exe (not found)
Check launcher:	C:\WINDOWS\system32\bin\javaw.exe (not found)
Check launcher:	C:\WINDOWS\bin\javaw.exe (not found)
Check launcher:	C:\WINDOWS\System32\Wbem\bin\javaw.exe (not found)
Check launcher:	C:\WINDOWS\System32\WindowsPowerShell\v1.0\bin\javaw.exe (not found)
Check launcher:	C:\WINDOWS\System32\OpenSSH\bin\javaw.exe (not found)
Check launcher:	C:\Program Files\dotnet\bin\javaw.exe (not found)
Check launcher:	C:\Program Files\nodejs\bin\javaw.exe (not found)
Check launcher:	C:\ProgramData\chocolatey\bin\javaw.exe (not found)
Check launcher:	C:\Program Files (x86)\Yarn\bin\bin\javaw.exe (not found)
Check launcher:	C:\Program Files\Git\cmd\bin\javaw.exe (not found)
Check launcher:	C:\Program Files\Java\jdk-22\bin\javaw.exe (OK)
Version string: 1.022.000_001 / 64-Bit (OK)
Launcher:	C:\Program Files\Java\jdk-22\bin\javaw.exe
Launcher args:	-jar "C:\Users\abner\git\Casa_Assombrada_JAVA\haunted_house\HAUNTED_HOUSE.exe"
Args length:	78/32768 chars
Exit code:	0
